<?xml version="1.0" encoding="UTF-8"?>
<!-- Generated by org.testng.reporters.JUnitReportReporter -->
<testsuite hostname="DESKTOP-Q60R011" failures="0" tests="2" name="RunnerTest.Runner" time="5.009" errors="0" timestamp="2024-10-10T00:57:06 IST" skipped="0">
  <testcase classname="RunnerTest.Runner" name="fetchUsersFromFanCodeCity" time="4.469"/>
  <system-out/>
  <testcase classname="RunnerTest.Runner" name="VerifyTodoAPI" time="0.540"/>
  <system-out/>
</testsuite> <!-- RunnerTest.Runner -->
